Copyright 1986-2022 Xilinx, Inc. All Rights Reserved. Copyright 2022-2023 Advanced Micro Devices, Inc. All Rights Reserved.
---------------------------------------------------------------------------------------------------------------------------------------------
| Tool Version : Vivado v.2023.2 (lin64) Build 4029153 Fri Oct 13 20:13:54 MDT 2023
| Date         : Sun May 17 04:19:01 2026
| Host         : AlbertsUbuntu running 64-bit Ubuntu 22.04.5 LTS
| Command      : report_drc -file WRAPPER_TOP_drc_routed.rpt -pb WRAPPER_TOP_drc_routed.pb -rpx WRAPPER_TOP_drc_routed.rpx
| Design       : WRAPPER_TOP
| Device       : xcku5p-ffva676-3-e
| Speed File   : -3
| Design State : Fully Routed
---------------------------------------------------------------------------------------------------------------------------------------------

Report DRC

Table of Contents
-----------------
1. REPORT SUMMARY
2. REPORT DETAILS

1. REPORT SUMMARY
-----------------
            Netlist: netlist
          Floorplan: design_1
      Design limits: <entire design considered>
           Ruledeck: default
             Max violations: <unlimited>
             Violations found: 32
+--------+------------------+----------------------------+------------+
| Rule   | Severity         | Description                | Violations |
+--------+------------------+----------------------------+------------+
| UCIO-1 | Critical Warning | Unconstrained Logical Port | 1          |
| DPIP-2 | Warning          | Input pipelining           | 17         |
| DPOP-3 | Warning          | PREG Output pipelining     | 7          |
| DPOP-4 | Warning          | MREG Output pipelining     | 7          |
+--------+------------------+----------------------------+------------+

2. REPORT DETAILS
-----------------
UCIO-1#1 Critical Warning
Unconstrained Logical Port  
14 out of 74 logical ports have no user assigned specific location constraint (LOC). This may cause I/O contention or incompatibility with the board power or connectivity affecting performance, signal integrity or in extreme cases cause damage to the device or the components to which it is connected. To correct this violation, specify all pin locations. This design will fail to generate a bitstream unless all logical ports have a user specified site LOC constraint defined.  To allow bitstream creation with unspecified pin locations (not recommended), use this command: set_property SEVERITY {Warning} [get_drc_checks UCIO-1].  NOTE: When using the Vivado Runs infrastructure (e.g. launch_runs Tcl command), add this command to a .tcl file and add that file as a pre-hook for write_bitstream step for the implementation run.  Problem ports: done, input_data[16], input_data[18], input_data[32], input_data[33],
input_data[39], input_data[40], input_data[4], input_data[57],
input_data[58], input_data[59], input_data[5], input_valid
output_data[15].
Related violations: <none>

DPIP-2#1 Warning
Input pipelining  
DSP cnn_core_inst/dense_wide_stream_array_array_ap_fixed_9_5_5_3_0_1u_config7_U0/grp_dense_wide_stream_array_array_ap_fixed_1u_config7_Pipeline_DenseWideMain_fu_53/mul_16s_6s_20_1_1_U42/tmp_product input cnn_core_inst/dense_wide_stream_array_array_ap_fixed_9_5_5_3_0_1u_config7_U0/grp_dense_wide_stream_array_array_ap_fixed_1u_config7_Pipeline_DenseWideMain_fu_53/mul_16s_6s_20_1_1_U42/tmp_product/A[29:0] is not pipelined. Pipelining DSP48 input will improve performance.
Related violations: <none>

DPIP-2#2 Warning
Input pipelining  
DSP cnn_core_inst/dense_wide_stream_array_array_ap_fixed_9_5_5_3_0_1u_config7_U0/grp_dense_wide_stream_array_array_ap_fixed_1u_config7_Pipeline_DenseWideMain_fu_53/mul_16s_6s_20_1_1_U44/tmp_product input cnn_core_inst/dense_wide_stream_array_array_ap_fixed_9_5_5_3_0_1u_config7_U0/grp_dense_wide_stream_array_array_ap_fixed_1u_config7_Pipeline_DenseWideMain_fu_53/mul_16s_6s_20_1_1_U44/tmp_product/A[29:0] is not pipelined. Pipelining DSP48 input will improve performance.
Related violations: <none>

DPIP-2#3 Warning
Input pipelining  
DSP cnn_core_inst/dense_wide_stream_array_array_ap_fixed_9_5_5_3_0_1u_config7_U0/grp_dense_wide_stream_array_array_ap_fixed_1u_config7_Pipeline_DenseWideMain_fu_53/mul_16s_6s_20_1_1_U46/tmp_product input cnn_core_inst/dense_wide_stream_array_array_ap_fixed_9_5_5_3_0_1u_config7_U0/grp_dense_wide_stream_array_array_ap_fixed_1u_config7_Pipeline_DenseWideMain_fu_53/mul_16s_6s_20_1_1_U46/tmp_product/A[29:0] is not pipelined. Pipelining DSP48 input will improve performance.
Related violations: <none>

DPIP-2#4 Warning
Input pipelining  
DSP cnn_core_inst/dense_wide_stream_array_array_ap_fixed_9_5_5_3_0_1u_config7_U0/grp_dense_wide_stream_array_array_ap_fixed_1u_config7_Pipeline_DenseWideMain_fu_53/mul_16s_6s_20_1_1_U48/tmp_product input cnn_core_inst/dense_wide_stream_array_array_ap_fixed_9_5_5_3_0_1u_config7_U0/grp_dense_wide_stream_array_array_ap_fixed_1u_config7_Pipeline_DenseWideMain_fu_53/mul_16s_6s_20_1_1_U48/tmp_product/A[29:0] is not pipelined. Pipelining DSP48 input will improve performance.
Related violations: <none>

DPIP-2#5 Warning
Input pipelining  
DSP cnn_core_inst/dense_wide_stream_array_array_ap_fixed_9_5_5_3_0_1u_config7_U0/grp_dense_wide_stream_array_array_ap_fixed_1u_config7_Pipeline_DenseWideMain_fu_53/mul_16s_6s_20_1_1_U48/tmp_product input cnn_core_inst/dense_wide_stream_array_array_ap_fixed_9_5_5_3_0_1u_config7_U0/grp_dense_wide_stream_array_array_ap_fixed_1u_config7_Pipeline_DenseWideMain_fu_53/mul_16s_6s_20_1_1_U48/tmp_product/B[17:0] is not pipelined. Pipelining DSP48 input will improve performance.
Related violations: <none>

DPIP-2#6 Warning
Input pipelining  
DSP cnn_core_inst/dense_wide_stream_array_array_ap_fixed_9_5_5_3_0_1u_config7_U0/grp_dense_wide_stream_array_array_ap_fixed_1u_config7_Pipeline_DenseWideMain_fu_53/mul_16s_6s_20_1_1_U50/tmp_product input cnn_core_inst/dense_wide_stream_array_array_ap_fixed_9_5_5_3_0_1u_config7_U0/grp_dense_wide_stream_array_array_ap_fixed_1u_config7_Pipeline_DenseWideMain_fu_53/mul_16s_6s_20_1_1_U50/tmp_product/A[29:0] is not pipelined. Pipelining DSP48 input will improve performance.
Related violations: <none>

DPIP-2#7 Warning
Input pipelining  
DSP cnn_core_inst/dense_wide_stream_array_array_ap_fixed_9_5_5_3_0_1u_config7_U0/grp_dense_wide_stream_array_array_ap_fixed_1u_config7_Pipeline_DenseWideMain_fu_53/mul_16s_6s_20_1_1_U52/tmp_product input cnn_core_inst/dense_wide_stream_array_array_ap_fixed_9_5_5_3_0_1u_config7_U0/grp_dense_wide_stream_array_array_ap_fixed_1u_config7_Pipeline_DenseWideMain_fu_53/mul_16s_6s_20_1_1_U52/tmp_product/A[29:0] is not pipelined. Pipelining DSP48 input will improve performance.
Related violations: <none>

DPIP-2#8 Warning
Input pipelining  
DSP cnn_core_inst/dense_wide_stream_array_array_ap_fixed_9_5_5_3_0_1u_config7_U0/grp_dense_wide_stream_array_array_ap_fixed_1u_config7_Pipeline_DenseWideMain_fu_53/mul_16s_6s_20_1_1_U52/tmp_product input cnn_core_inst/dense_wide_stream_array_array_ap_fixed_9_5_5_3_0_1u_config7_U0/grp_dense_wide_stream_array_array_ap_fixed_1u_config7_Pipeline_DenseWideMain_fu_53/mul_16s_6s_20_1_1_U52/tmp_product/B[17:0] is not pipelined. Pipelining DSP48 input will improve performance.
Related violations: <none>

DPIP-2#9 Warning
Input pipelining  
DSP cnn_core_inst/dense_wide_stream_array_array_ap_fixed_9_5_5_3_0_1u_config7_U0/grp_dense_wide_stream_array_array_ap_fixed_1u_config7_Pipeline_DenseWideMain_fu_53/mul_16s_6s_20_1_1_U54/tmp_product input cnn_core_inst/dense_wide_stream_array_array_ap_fixed_9_5_5_3_0_1u_config7_U0/grp_dense_wide_stream_array_array_ap_fixed_1u_config7_Pipeline_DenseWideMain_fu_53/mul_16s_6s_20_1_1_U54/tmp_product/A[29:0] is not pipelined. Pipelining DSP48 input will improve performance.
Related violations: <none>

DPIP-2#10 Warning
Input pipelining  
DSP cnn_core_inst/first_conv_4lane_temporal_wide_cl_array_array_ap_fixed_28u_config3_U0/mul_ln42_1_reg_854_reg input cnn_core_inst/first_conv_4lane_temporal_wide_cl_array_array_ap_fixed_28u_config3_U0/mul_ln42_1_reg_854_reg/A[29:0] is not pipelined. Pipelining DSP48 input will improve performance.
Related violations: <none>

DPIP-2#11 Warning
Input pipelining  
DSP cnn_core_inst/first_conv_4lane_temporal_wide_cl_array_array_ap_fixed_28u_config3_U0/mul_ln42_1_reg_854_reg input cnn_core_inst/first_conv_4lane_temporal_wide_cl_array_array_ap_fixed_28u_config3_U0/mul_ln42_1_reg_854_reg/C[47:0] is not pipelined. Pipelining DSP48 input will improve performance.
Related violations: <none>

DPIP-2#12 Warning
Input pipelining  
DSP cnn_core_inst/first_conv_4lane_temporal_wide_cl_array_array_ap_fixed_28u_config3_U0/mul_ln42_2_reg_858_reg input cnn_core_inst/first_conv_4lane_temporal_wide_cl_array_array_ap_fixed_28u_config3_U0/mul_ln42_2_reg_858_reg/A[29:0] is not pipelined. Pipelining DSP48 input will improve performance.
Related violations: <none>

DPIP-2#13 Warning
Input pipelining  
DSP cnn_core_inst/first_conv_4lane_temporal_wide_cl_array_array_ap_fixed_28u_config3_U0/mul_ln42_2_reg_858_reg input cnn_core_inst/first_conv_4lane_temporal_wide_cl_array_array_ap_fixed_28u_config3_U0/mul_ln42_2_reg_858_reg/C[47:0] is not pipelined. Pipelining DSP48 input will improve performance.
Related violations: <none>

DPIP-2#14 Warning
Input pipelining  
DSP cnn_core_inst/first_conv_4lane_temporal_wide_cl_array_array_ap_fixed_28u_config3_U0/mul_ln42_3_reg_862_reg input cnn_core_inst/first_conv_4lane_temporal_wide_cl_array_array_ap_fixed_28u_config3_U0/mul_ln42_3_reg_862_reg/A[29:0] is not pipelined. Pipelining DSP48 input will improve performance.
Related violations: <none>

DPIP-2#15 Warning
Input pipelining  
DSP cnn_core_inst/first_conv_4lane_temporal_wide_cl_array_array_ap_fixed_28u_config3_U0/mul_ln42_3_reg_862_reg input cnn_core_inst/first_conv_4lane_temporal_wide_cl_array_array_ap_fixed_28u_config3_U0/mul_ln42_3_reg_862_reg/C[47:0] is not pipelined. Pipelining DSP48 input will improve performance.
Related violations: <none>

DPIP-2#16 Warning
Input pipelining  
DSP cnn_core_inst/first_conv_4lane_temporal_wide_cl_array_array_ap_fixed_28u_config3_U0/mul_ln42_reg_850_reg input cnn_core_inst/first_conv_4lane_temporal_wide_cl_array_array_ap_fixed_28u_config3_U0/mul_ln42_reg_850_reg/A[29:0] is not pipelined. Pipelining DSP48 input will improve performance.
Related violations: <none>

DPIP-2#17 Warning
Input pipelining  
DSP cnn_core_inst/first_conv_4lane_temporal_wide_cl_array_array_ap_fixed_28u_config3_U0/mul_ln42_reg_850_reg input cnn_core_inst/first_conv_4lane_temporal_wide_cl_array_array_ap_fixed_28u_config3_U0/mul_ln42_reg_850_reg/C[47:0] is not pipelined. Pipelining DSP48 input will improve performance.
Related violations: <none>

DPOP-3#1 Warning
PREG Output pipelining  
DSP cnn_core_inst/dense_wide_stream_array_array_ap_fixed_9_5_5_3_0_1u_config7_U0/grp_dense_wide_stream_array_array_ap_fixed_1u_config7_Pipeline_DenseWideMain_fu_53/mul_16s_6s_20_1_1_U42/tmp_product output cnn_core_inst/dense_wide_stream_array_array_ap_fixed_9_5_5_3_0_1u_config7_U0/grp_dense_wide_stream_array_array_ap_fixed_1u_config7_Pipeline_DenseWideMain_fu_53/mul_16s_6s_20_1_1_U42/tmp_product/P[47:0] is not pipelined (PREG=0). Pipelining the DSP48 output will improve performance and often saves power so it is suggested whenever possible to fully pipeline this function.  If this DSP48 function was inferred, it is suggested to describe an additional register stage after this function.  If the DSP48 was instantiated in the design, it is suggested to set the PREG attribute to 1.
Related violations: <none>

DPOP-3#2 Warning
PREG Output pipelining  
DSP cnn_core_inst/dense_wide_stream_array_array_ap_fixed_9_5_5_3_0_1u_config7_U0/grp_dense_wide_stream_array_array_ap_fixed_1u_config7_Pipeline_DenseWideMain_fu_53/mul_16s_6s_20_1_1_U44/tmp_product output cnn_core_inst/dense_wide_stream_array_array_ap_fixed_9_5_5_3_0_1u_config7_U0/grp_dense_wide_stream_array_array_ap_fixed_1u_config7_Pipeline_DenseWideMain_fu_53/mul_16s_6s_20_1_1_U44/tmp_product/P[47:0] is not pipelined (PREG=0). Pipelining the DSP48 output will improve performance and often saves power so it is suggested whenever possible to fully pipeline this function.  If this DSP48 function was inferred, it is suggested to describe an additional register stage after this function.  If the DSP48 was instantiated in the design, it is suggested to set the PREG attribute to 1.
Related violations: <none>

DPOP-3#3 Warning
PREG Output pipelining  
DSP cnn_core_inst/dense_wide_stream_array_array_ap_fixed_9_5_5_3_0_1u_config7_U0/grp_dense_wide_stream_array_array_ap_fixed_1u_config7_Pipeline_DenseWideMain_fu_53/mul_16s_6s_20_1_1_U46/tmp_product output cnn_core_inst/dense_wide_stream_array_array_ap_fixed_9_5_5_3_0_1u_config7_U0/grp_dense_wide_stream_array_array_ap_fixed_1u_config7_Pipeline_DenseWideMain_fu_53/mul_16s_6s_20_1_1_U46/tmp_product/P[47:0] is not pipelined (PREG=0). Pipelining the DSP48 output will improve performance and often saves power so it is suggested whenever possible to fully pipeline this function.  If this DSP48 function was inferred, it is suggested to describe an additional register stage after this function.  If the DSP48 was instantiated in the design, it is suggested to set the PREG attribute to 1.
Related violations: <none>

DPOP-3#4 Warning
PREG Output pipelining  
DSP cnn_core_inst/first_conv_4lane_temporal_wide_cl_array_array_ap_fixed_28u_config3_U0/x_14_fu_4012_p2 output cnn_core_inst/first_conv_4lane_temporal_wide_cl_array_array_ap_fixed_28u_config3_U0/x_14_fu_4012_p2/P[47:0] is not pipelined (PREG=0). Pipelining the DSP48 output will improve performance and often saves power so it is suggested whenever possible to fully pipeline this function.  If this DSP48 function was inferred, it is suggested to describe an additional register stage after this function.  If the DSP48 was instantiated in the design, it is suggested to set the PREG attribute to 1.
Related violations: <none>

DPOP-3#5 Warning
PREG Output pipelining  
DSP cnn_core_inst/first_conv_4lane_temporal_wide_cl_array_array_ap_fixed_28u_config3_U0/x_21_fu_4022_p2 output cnn_core_inst/first_conv_4lane_temporal_wide_cl_array_array_ap_fixed_28u_config3_U0/x_21_fu_4022_p2/P[47:0] is not pipelined (PREG=0). Pipelining the DSP48 output will improve performance and often saves power so it is suggested whenever possible to fully pipeline this function.  If this DSP48 function was inferred, it is suggested to describe an additional register stage after this function.  If the DSP48 was instantiated in the design, it is suggested to set the PREG attribute to 1.
Related violations: <none>

DPOP-3#6 Warning
PREG Output pipelining  
DSP cnn_core_inst/first_conv_4lane_temporal_wide_cl_array_array_ap_fixed_28u_config3_U0/x_7_fu_4002_p2 output cnn_core_inst/first_conv_4lane_temporal_wide_cl_array_array_ap_fixed_28u_config3_U0/x_7_fu_4002_p2/P[47:0] is not pipelined (PREG=0). Pipelining the DSP48 output will improve performance and often saves power so it is suggested whenever possible to fully pipeline this function.  If this DSP48 function was inferred, it is suggested to describe an additional register stage after this function.  If the DSP48 was instantiated in the design, it is suggested to set the PREG attribute to 1.
Related violations: <none>

DPOP-3#7 Warning
PREG Output pipelining  
DSP cnn_core_inst/first_conv_4lane_temporal_wide_cl_array_array_ap_fixed_28u_config3_U0/x_fu_3982_p2 output cnn_core_inst/first_conv_4lane_temporal_wide_cl_array_array_ap_fixed_28u_config3_U0/x_fu_3982_p2/P[47:0] is not pipelined (PREG=0). Pipelining the DSP48 output will improve performance and often saves power so it is suggested whenever possible to fully pipeline this function.  If this DSP48 function was inferred, it is suggested to describe an additional register stage after this function.  If the DSP48 was instantiated in the design, it is suggested to set the PREG attribute to 1.
Related violations: <none>

DPOP-4#1 Warning
MREG Output pipelining  
DSP cnn_core_inst/dense_wide_stream_array_array_ap_fixed_9_5_5_3_0_1u_config7_U0/grp_dense_wide_stream_array_array_ap_fixed_1u_config7_Pipeline_DenseWideMain_fu_53/mul_16s_6s_20_1_1_U42/tmp_product multiplier stage cnn_core_inst/dense_wide_stream_array_array_ap_fixed_9_5_5_3_0_1u_config7_U0/grp_dense_wide_stream_array_array_ap_fixed_1u_config7_Pipeline_DenseWideMain_fu_53/mul_16s_6s_20_1_1_U42/tmp_product/P[47:0] is not pipelined (MREG=0). Pipelining the multiplier function will improve performance and will save significant power so it is suggested whenever possible to fully pipeline this function.  If this multiplier was inferred, it is suggested to describe an additional register stage after this function.  If there is no registered adder/accumulator following the multiply function, two pipeline stages are suggested to allow both the MREG and PREG registers to be used.  If the DSP48 was instantiated in the design, it is suggested to set both the MREG and PREG attributes to 1 when performing multiply functions.
Related violations: <none>

DPOP-4#2 Warning
MREG Output pipelining  
DSP cnn_core_inst/dense_wide_stream_array_array_ap_fixed_9_5_5_3_0_1u_config7_U0/grp_dense_wide_stream_array_array_ap_fixed_1u_config7_Pipeline_DenseWideMain_fu_53/mul_16s_6s_20_1_1_U44/tmp_product multiplier stage cnn_core_inst/dense_wide_stream_array_array_ap_fixed_9_5_5_3_0_1u_config7_U0/grp_dense_wide_stream_array_array_ap_fixed_1u_config7_Pipeline_DenseWideMain_fu_53/mul_16s_6s_20_1_1_U44/tmp_product/P[47:0] is not pipelined (MREG=0). Pipelining the multiplier function will improve performance and will save significant power so it is suggested whenever possible to fully pipeline this function.  If this multiplier was inferred, it is suggested to describe an additional register stage after this function.  If there is no registered adder/accumulator following the multiply function, two pipeline stages are suggested to allow both the MREG and PREG registers to be used.  If the DSP48 was instantiated in the design, it is suggested to set both the MREG and PREG attributes to 1 when performing multiply functions.
Related violations: <none>

DPOP-4#3 Warning
MREG Output pipelining  
DSP cnn_core_inst/dense_wide_stream_array_array_ap_fixed_9_5_5_3_0_1u_config7_U0/grp_dense_wide_stream_array_array_ap_fixed_1u_config7_Pipeline_DenseWideMain_fu_53/mul_16s_6s_20_1_1_U46/tmp_product multiplier stage cnn_core_inst/dense_wide_stream_array_array_ap_fixed_9_5_5_3_0_1u_config7_U0/grp_dense_wide_stream_array_array_ap_fixed_1u_config7_Pipeline_DenseWideMain_fu_53/mul_16s_6s_20_1_1_U46/tmp_product/P[47:0] is not pipelined (MREG=0). Pipelining the multiplier function will improve performance and will save significant power so it is suggested whenever possible to fully pipeline this function.  If this multiplier was inferred, it is suggested to describe an additional register stage after this function.  If there is no registered adder/accumulator following the multiply function, two pipeline stages are suggested to allow both the MREG and PREG registers to be used.  If the DSP48 was instantiated in the design, it is suggested to set both the MREG and PREG attributes to 1 when performing multiply functions.
Related violations: <none>

DPOP-4#4 Warning
MREG Output pipelining  
DSP cnn_core_inst/dense_wide_stream_array_array_ap_fixed_9_5_5_3_0_1u_config7_U0/grp_dense_wide_stream_array_array_ap_fixed_1u_config7_Pipeline_DenseWideMain_fu_53/mul_16s_6s_20_1_1_U48/tmp_product multiplier stage cnn_core_inst/dense_wide_stream_array_array_ap_fixed_9_5_5_3_0_1u_config7_U0/grp_dense_wide_stream_array_array_ap_fixed_1u_config7_Pipeline_DenseWideMain_fu_53/mul_16s_6s_20_1_1_U48/tmp_product/P[47:0] is not pipelined (MREG=0). Pipelining the multiplier function will improve performance and will save significant power so it is suggested whenever possible to fully pipeline this function.  If this multiplier was inferred, it is suggested to describe an additional register stage after this function.  If there is no registered adder/accumulator following the multiply function, two pipeline stages are suggested to allow both the MREG and PREG registers to be used.  If the DSP48 was instantiated in the design, it is suggested to set both the MREG and PREG attributes to 1 when performing multiply functions.
Related violations: <none>

DPOP-4#5 Warning
MREG Output pipelining  
DSP cnn_core_inst/dense_wide_stream_array_array_ap_fixed_9_5_5_3_0_1u_config7_U0/grp_dense_wide_stream_array_array_ap_fixed_1u_config7_Pipeline_DenseWideMain_fu_53/mul_16s_6s_20_1_1_U50/tmp_product multiplier stage cnn_core_inst/dense_wide_stream_array_array_ap_fixed_9_5_5_3_0_1u_config7_U0/grp_dense_wide_stream_array_array_ap_fixed_1u_config7_Pipeline_DenseWideMain_fu_53/mul_16s_6s_20_1_1_U50/tmp_product/P[47:0] is not pipelined (MREG=0). Pipelining the multiplier function will improve performance and will save significant power so it is suggested whenever possible to fully pipeline this function.  If this multiplier was inferred, it is suggested to describe an additional register stage after this function.  If there is no registered adder/accumulator following the multiply function, two pipeline stages are suggested to allow both the MREG and PREG registers to be used.  If the DSP48 was instantiated in the design, it is suggested to set both the MREG and PREG attributes to 1 when performing multiply functions.
Related violations: <none>

DPOP-4#6 Warning
MREG Output pipelining  
DSP cnn_core_inst/dense_wide_stream_array_array_ap_fixed_9_5_5_3_0_1u_config7_U0/grp_dense_wide_stream_array_array_ap_fixed_1u_config7_Pipeline_DenseWideMain_fu_53/mul_16s_6s_20_1_1_U52/tmp_product multiplier stage cnn_core_inst/dense_wide_stream_array_array_ap_fixed_9_5_5_3_0_1u_config7_U0/grp_dense_wide_stream_array_array_ap_fixed_1u_config7_Pipeline_DenseWideMain_fu_53/mul_16s_6s_20_1_1_U52/tmp_product/P[47:0] is not pipelined (MREG=0). Pipelining the multiplier function will improve performance and will save significant power so it is suggested whenever possible to fully pipeline this function.  If this multiplier was inferred, it is suggested to describe an additional register stage after this function.  If there is no registered adder/accumulator following the multiply function, two pipeline stages are suggested to allow both the MREG and PREG registers to be used.  If the DSP48 was instantiated in the design, it is suggested to set both the MREG and PREG attributes to 1 when performing multiply functions.
Related violations: <none>

DPOP-4#7 Warning
MREG Output pipelining  
DSP cnn_core_inst/dense_wide_stream_array_array_ap_fixed_9_5_5_3_0_1u_config7_U0/grp_dense_wide_stream_array_array_ap_fixed_1u_config7_Pipeline_DenseWideMain_fu_53/mul_16s_6s_20_1_1_U54/tmp_product multiplier stage cnn_core_inst/dense_wide_stream_array_array_ap_fixed_9_5_5_3_0_1u_config7_U0/grp_dense_wide_stream_array_array_ap_fixed_1u_config7_Pipeline_DenseWideMain_fu_53/mul_16s_6s_20_1_1_U54/tmp_product/P[47:0] is not pipelined (MREG=0). Pipelining the multiplier function will improve performance and will save significant power so it is suggested whenever possible to fully pipeline this function.  If this multiplier was inferred, it is suggested to describe an additional register stage after this function.  If there is no registered adder/accumulator following the multiply function, two pipeline stages are suggested to allow both the MREG and PREG registers to be used.  If the DSP48 was instantiated in the design, it is suggested to set both the MREG and PREG attributes to 1 when performing multiply functions.
Related violations: <none>


