Copyright 1986-2022 Xilinx, Inc. All Rights Reserved. Copyright 2022-2023 Advanced Micro Devices, Inc. All Rights Reserved.
---------------------------------------------------------------------------------------------------------------------------------------------
| Tool Version : Vivado v.2023.2 (lin64) Build 4029153 Fri Oct 13 20:13:54 MDT 2023
| Date         : Thu Feb 19 15:34:31 2026
| Host         : AlbertsUbuntu running 64-bit Ubuntu 22.04.5 LTS
| Command      : report_utilization -file WRAPPER_TOP_utilization_placed.rpt -pb WRAPPER_TOP_utilization_placed.pb
| Design       : WRAPPER_TOP
| Device       : xcku5p-ffva676-3-e
| Speed File   : -3
| Design State : Fully Placed
---------------------------------------------------------------------------------------------------------------------------------------------

Utilization Design Information

Table of Contents
-----------------
1. CLB Logic
1.1 Summary of Registers by Type
2. CLB Logic Distribution
3. BLOCKRAM
4. ARITHMETIC
5. I/O
6. CLOCK
7. ADVANCED
8. CONFIGURATION
9. Primitives
10. Black Boxes
11. Instantiated Netlists

1. CLB Logic
------------

+----------------------------+-------+-------+------------+-----------+-------+
|          Site Type         |  Used | Fixed | Prohibited | Available | Util% |
+----------------------------+-------+-------+------------+-----------+-------+
| CLB LUTs                   | 35704 |     0 |          0 |    216960 | 16.46 |
|   LUT as Logic             | 33180 |     0 |          0 |    216960 | 15.29 |
|   LUT as Memory            |  2524 |     0 |          0 |     99840 |  2.53 |
|     LUT as Distributed RAM |  2524 |     0 |            |           |       |
|     LUT as Shift Register  |     0 |     0 |            |           |       |
| CLB Registers              | 59769 |     0 |          0 |    433920 | 13.77 |
|   Register as Flip Flop    | 59769 |     0 |          0 |    433920 | 13.77 |
|   Register as Latch        |     0 |     0 |          0 |    433920 |  0.00 |
| CARRY8                     |  4053 |     0 |          0 |     27120 | 14.94 |
| F7 Muxes                   |    34 |     0 |          0 |    108480 |  0.03 |
| F8 Muxes                   |     0 |     0 |          0 |     54240 |  0.00 |
| F9 Muxes                   |     0 |     0 |          0 |     27120 |  0.00 |
+----------------------------+-------+-------+------------+-----------+-------+
* Warning! LUT value is adjusted to account for LUT combining.


1.1 Summary of Registers by Type
--------------------------------

+-------+--------------+-------------+--------------+
| Total | Clock Enable | Synchronous | Asynchronous |
+-------+--------------+-------------+--------------+
| 0     |            _ |           - |            - |
| 0     |            _ |           - |          Set |
| 0     |            _ |           - |        Reset |
| 0     |            _ |         Set |            - |
| 0     |            _ |       Reset |            - |
| 0     |          Yes |           - |            - |
| 0     |          Yes |           - |          Set |
| 0     |          Yes |           - |        Reset |
| 34    |          Yes |         Set |            - |
| 59735 |          Yes |       Reset |            - |
+-------+--------------+-------------+--------------+


2. CLB Logic Distribution
-------------------------

+--------------------------------------------+-------+-------+------------+-----------+-------+
|                  Site Type                 |  Used | Fixed | Prohibited | Available | Util% |
+--------------------------------------------+-------+-------+------------+-----------+-------+
| CLB                                        |  8022 |     0 |          0 |     27120 | 29.58 |
|   CLBL                                     |  4436 |     0 |            |           |       |
|   CLBM                                     |  3586 |     0 |            |           |       |
| LUT as Logic                               | 33180 |     0 |          0 |    216960 | 15.29 |
|   using O5 output only                     |   137 |       |            |           |       |
|   using O6 output only                     | 25901 |       |            |           |       |
|   using O5 and O6                          |  7142 |       |            |           |       |
| LUT as Memory                              |  2524 |     0 |          0 |     99840 |  2.53 |
|   LUT as Distributed RAM                   |  2524 |     0 |            |           |       |
|     using O5 output only                   |     0 |       |            |           |       |
|     using O6 output only                   |     0 |       |            |           |       |
|     using O5 and O6                        |  2524 |       |            |           |       |
|   LUT as Shift Register                    |     0 |     0 |            |           |       |
| CLB Registers                              | 59769 |     0 |          0 |    433920 | 13.77 |
|   Register driven from within the CLB      | 15547 |       |            |           |       |
|   Register driven from outside the CLB     | 44222 |       |            |           |       |
|     LUT in front of the register is unused | 35608 |       |            |           |       |
|     LUT in front of the register is used   |  8614 |       |            |           |       |
| Unique Control Sets                        |   356 |       |          0 |     54240 |  0.66 |
+--------------------------------------------+-------+-------+------------+-----------+-------+
* * Note: Available Control Sets calculated as Slices * 2, Review the Control Sets Report for more information regarding control sets.


3. BLOCKRAM
-----------

+-------------------+------+-------+------------+-----------+-------+
|     Site Type     | Used | Fixed | Prohibited | Available | Util% |
+-------------------+------+-------+------------+-----------+-------+
| Block RAM Tile    |  6.5 |     0 |          0 |       480 |  1.35 |
|   RAMB36/FIFO*    |    5 |     0 |          0 |       480 |  1.04 |
|     RAMB36E2 only |    5 |       |            |           |       |
|   RAMB18          |    3 |     0 |          0 |       960 |  0.31 |
|     RAMB18E2 only |    3 |       |            |           |       |
| URAM              |    0 |     0 |          0 |        64 |  0.00 |
+-------------------+------+-------+------------+-----------+-------+
* Note: Each Block RAM Tile only has one FIFO logic available and therefore can accommodate only one FIFO36E2 or one FIFO18E2. However, if a FIFO18E2 occupies a Block RAM Tile, that tile can still accommodate a RAMB18E2


4. ARITHMETIC
-------------

+----------------+------+-------+------------+-----------+-------+
|    Site Type   | Used | Fixed | Prohibited | Available | Util% |
+----------------+------+-------+------------+-----------+-------+
| DSPs           |  205 |     0 |          0 |      1824 | 11.24 |
|   DSP48E2 only |  205 |       |            |           |       |
+----------------+------+-------+------------+-----------+-------+


5. I/O
------

+------------------+------+-------+------------+-----------+-------+
|     Site Type    | Used | Fixed | Prohibited | Available | Util% |
+------------------+------+-------+------------+-----------+-------+
| Bonded IOB       |   90 |    60 |          0 |       256 | 35.16 |
| HPIOB_M          |   42 |    25 |          0 |        96 | 43.75 |
|   INPUT          |   23 |       |            |           |       |
|   OUTPUT         |   19 |       |            |           |       |
|   BIDIR          |    0 |       |            |           |       |
| HPIOB_S          |   37 |    24 |          0 |        96 | 38.54 |
|   INPUT          |   19 |       |            |           |       |
|   OUTPUT         |   18 |       |            |           |       |
|   BIDIR          |    0 |       |            |           |       |
| HDIOB_M          |    5 |     5 |          0 |        24 | 20.83 |
|   INPUT          |    5 |       |            |           |       |
|   OUTPUT         |    0 |       |            |           |       |
|   BIDIR          |    0 |       |            |           |       |
| HDIOB_S          |    3 |     3 |          0 |        24 | 12.50 |
|   INPUT          |    3 |       |            |           |       |
|   OUTPUT         |    0 |       |            |           |       |
|   BIDIR          |    0 |       |            |           |       |
| HPIOB_SNGL       |    3 |     3 |          0 |        16 | 18.75 |
|   INPUT          |    3 |       |            |           |       |
|   OUTPUT         |    0 |       |            |           |       |
|   BIDIR          |    0 |       |            |           |       |
| HPIOBDIFFINBUF   |    0 |     0 |          0 |        96 |  0.00 |
| HPIOBDIFFOUTBUF  |    0 |     0 |          0 |        96 |  0.00 |
| HDIOBDIFFINBUF   |    0 |     0 |          0 |        48 |  0.00 |
| BITSLICE_CONTROL |    0 |     0 |          0 |        32 |  0.00 |
| BITSLICE_RX_TX   |    0 |     0 |          0 |      1248 |  0.00 |
| BITSLICE_TX      |    0 |     0 |          0 |        32 |  0.00 |
| RIU_OR           |    0 |     0 |          0 |        16 |  0.00 |
+------------------+------+-------+------------+-----------+-------+


6. CLOCK
--------

+----------------------+------+-------+------------+-----------+-------+
|       Site Type      | Used | Fixed | Prohibited | Available | Util% |
+----------------------+------+-------+------------+-----------+-------+
| GLOBAL CLOCK BUFFERs |    4 |     0 |          0 |       256 |  1.56 |
|   BUFGCE             |    4 |     0 |          0 |       112 |  3.57 |
|   BUFGCE_DIV         |    0 |     0 |          0 |        16 |  0.00 |
|   BUFG_GT            |    0 |     0 |          0 |        96 |  0.00 |
|   BUFGCTRL*          |    0 |     0 |          0 |        32 |  0.00 |
| PLL                  |    0 |     0 |          0 |         8 |  0.00 |
| MMCM                 |    0 |     0 |          0 |         4 |  0.00 |
+----------------------+------+-------+------------+-----------+-------+
* Note: Each used BUFGCTRL counts as two GLOBAL CLOCK BUFFERs. This table does not include global clocking resources, only buffer cell usage. See the Clock Utilization Report (report_clock_utilization) for detailed accounting of global clocking resource availability.


7. ADVANCED
-----------

+-----------------+------+-------+------------+-----------+-------+
|    Site Type    | Used | Fixed | Prohibited | Available | Util% |
+-----------------+------+-------+------------+-----------+-------+
| CMACE4          |    0 |     0 |          0 |         1 |  0.00 |
| GTYE4_CHANNEL   |    0 |     0 |          0 |        16 |  0.00 |
| GTYE4_COMMON    |    0 |     0 |          0 |         4 |  0.00 |
| OBUFDS_GTE4     |    0 |     0 |          0 |         8 |  0.00 |
| OBUFDS_GTE4_ADV |    0 |     0 |          0 |         8 |  0.00 |
| PCIE40E4        |    0 |     0 |          0 |         1 |  0.00 |
| SYSMONE4        |    0 |     0 |          0 |         1 |  0.00 |
+-----------------+------+-------+------------+-----------+-------+


8. CONFIGURATION
----------------

+-------------+------+-------+------------+-----------+-------+
|  Site Type  | Used | Fixed | Prohibited | Available | Util% |
+-------------+------+-------+------------+-----------+-------+
| BSCANE2     |    0 |     0 |          0 |         4 |  0.00 |
| DNA_PORTE2  |    0 |     0 |          0 |         1 |  0.00 |
| EFUSE_USR   |    0 |     0 |          0 |         1 |  0.00 |
| FRAME_ECCE4 |    0 |     0 |          0 |         1 |  0.00 |
| ICAPE3      |    0 |     0 |          0 |         2 |  0.00 |
| MASTER_JTAG |    0 |     0 |          0 |         1 |  0.00 |
| STARTUPE3   |    0 |     0 |          0 |         1 |  0.00 |
+-------------+------+-------+------------+-----------+-------+


9. Primitives
-------------

+----------+-------+---------------------+
| Ref Name |  Used | Functional Category |
+----------+-------+---------------------+
| FDRE     | 59735 |            Register |
| LUT2     | 18984 |                 CLB |
| LUT6     |  6697 |                 CLB |
| LUT4     |  6444 |                 CLB |
| LUT3     |  5041 |                 CLB |
| RAMD32   |  4416 |                 CLB |
| CARRY8   |  4053 |                 CLB |
| LUT5     |  1604 |                 CLB |
| LUT1     |  1552 |                 CLB |
| RAMS32   |   632 |                 CLB |
| DSP48E2  |   205 |          Arithmetic |
| INBUF    |    53 |                 I/O |
| IBUFCTRL |    53 |              Others |
| OBUF     |    37 |                 I/O |
| MUXF7    |    34 |                 CLB |
| FDSE     |    34 |            Register |
| RAMB36E2 |     5 |            BLOCKRAM |
| BUFGCE   |     4 |               Clock |
| RAMB18E2 |     3 |            BLOCKRAM |
+----------+-------+---------------------+


10. Black Boxes
---------------

+----------+------+
| Ref Name | Used |
+----------+------+


11. Instantiated Netlists
-------------------------

+----------+------+
| Ref Name | Used |
+----------+------+


